<?xml version="1.0" encoding="UTF-8"?>
<testsuite xmlns:xsi="http://www.w3.org/2001/XMLSchema-instance" xsi:noNamespaceSchemaLocation="https://maven.apache.org/surefire/maven-surefire-plugin/xsd/surefire-test-report-3.0.xsd" version="3.0" name="Register User" time="10.292" tests="1" errors="0" skipped="0" failures="1">
  <properties>
[...]
</properties>
  <testcase name="Register user with valid credentials" classname="Register User" time="10.292">
    <failure type="java.lang.AssertionError"><![CDATA[java.lang.AssertionError
	at org.junit.Assert.fail(Assert.java:87)
	at org.junit.Assert.assertTrue(Assert.java:42)
	at org.junit.Assert.assertTrue(Assert.java:53)
	at stepdefinitions.uiSteps.Register_user_Steps.verify_that_home_page_is_visible_successfully(Register_user_Steps.java:31)
	at ✽.Verify that home page is visible successfully(file:///C:/Users/admin/IdeaProjects/AutomationExercise_Cucumber/./src/test/resources/features/uiFeatures/Register_user.feature:6)
]]></failure>
    <system-out><![CDATA[
@focus
Scenario: Register user with valid credentials                                                                      # src/test/resources/features/uiFeatures/Register_user.feature:4
  When Navigate to url 'http://automationexercise.com'                                                              # stepdefinitions.uiSteps.Register_user_Steps.navigate_to_url(java.lang.String)
  Then Verify that home page is visible successfully                                                                # stepdefinitions.uiSteps.Register_user_Steps.verify_that_home_page_is_visible_successfully()
      java.lang.AssertionError
	at org.junit.Assert.fail(Assert.java:87)
	at org.junit.Assert.assertTrue(Assert.java:42)
	at org.junit.Assert.assertTrue(Assert.java:53)
	at stepdefinitions.uiSteps.Register_user_Steps.verify_that_home_page_is_visible_successfully(Register_user_Steps.java:31)
	at ✽.Verify that home page is visible successfully(file:///C:/Users/admin/IdeaProjects/AutomationExercise_Cucumber/./src/test/resources/features/uiFeatures/Register_user.feature:6)

  When Click on Signup-Login link                                                                                   # stepdefinitions.uiSteps.Register_user_Steps.clickOnSignupLoginLink()
  Then Verify 'New User Signup!' is visible                                                                         # stepdefinitions.uiSteps.Register_user_Steps.verify_is_visible(java.lang.String)
  When Enter name and email address                                                                                 # stepdefinitions.uiSteps.Register_user_Steps.enter_name_and_email_address()
  And Click Signup button                                                                                           # stepdefinitions.uiSteps.Register_user_Steps.click_signup_button()
  Then Verify that -ENTER ACCOUNT INFORMATION- is visible                                                           # stepdefinitions.uiSteps.Register_user_Steps.verifyThatENTERACCOUNTINFORMATIONIsVisible()
  When Fill details: Title, Name, Email, Password, Date of birth                                                    # stepdefinitions.uiSteps.Register_user_Steps.fill_details_title_name_email_password_date_of_birth()
  And Select checkbox -Sign up for our newsletter!-                                                                 # stepdefinitions.uiSteps.Register_user_Steps.selectCheckboxSignUpForOurNewsletter()
  And Select checkbox -Receive special offers from our partners!-                                                   # stepdefinitions.uiSteps.Register_user_Steps.selectCheckboxReceiveSpecialOffersFromOurPartners()
  And Fill details: First name, Last name, Company, Address, Address2, Country, State, City, Zipcode, Mobile Number # stepdefinitions.uiSteps.Register_user_Steps.fill_details_first_name_last_name_company_address_address2_country_state_city_zipcode_mobile_number()
  And Click Create Account button                                                                                   # stepdefinitions.uiSteps.Register_user_Steps.clickCreateAccountButton()
  Then Verify that ACCOUNT CREATED! is visible                                                                      # stepdefinitions.uiSteps.Register_user_Steps.verifyThatACCOUNTCREATEDIsVisible()
  When Click Continue button                                                                                        # stepdefinitions.uiSteps.Register_user_Steps.clickContinueButton()
  Then Verify that -Logged in as username- is visible                                                               # stepdefinitions.uiSteps.Register_user_Steps.verifyThatLoggedInAsUsernameIsVisible()
  When Click Delete Account button                                                                                  # stepdefinitions.uiSteps.Register_user_Steps.click_delete_account_button()
  Then Verify that 'ACCOUNT DELETED!' is visible and click Continue button                                          # stepdefinitions.uiSteps.Register_user_Steps.verify_that_is_visible_and_click_continue_button(java.lang.String)

    Embedding screenshots [image/png 342373 bytes]

]]></system-out>
    <system-err><![CDATA[SLF4J: Failed to load class "org.slf4j.impl.StaticLoggerBinder".
SLF4J: Defaulting to no-operation (NOP) logger implementation
SLF4J: See http://www.slf4j.org/codes.html#StaticLoggerBinder for further details.
Starting ChromeDriver 104.0.5112.79 (3cf3e8c8a07d104b9e1260c910efb8f383285dc5-refs/branch-heads/5112@{#1307}) on port 3967
Only local connections are allowed.
Please see https://chromedriver.chromium.org/security-considerations for suggestions on keeping ChromeDriver safe.
ChromeDriver was started successfully.
Sep 01, 2022 1:13:15 AM org.openqa.selenium.remote.ProtocolHandshake createSession
INFO: Detected dialect: W3C
]]></system-err>
  </testcase>
</testsuite>